\BOOKMARK [1][-]{section.1}{\376\377\000P\000H\036\246\000N\000\040\000M\036\336\000\040\001\020\036\246\000U}{}% 1
\BOOKMARK [2][-]{subsection.1.1}{\376\377\000T\000\355\000n\000h\000\040\000c\036\245\000p\000\040\000t\000h\000i\036\277\000t\000\040\000c\036\347\000a\000\040\001\021\036\301\000\040\000t\000\340\000i}{section.1}% 2
\BOOKMARK [3][-]{subsubsection.1.1.1}{\376\377\000V\036\245\000n\000\040\001\021\036\301\000\040\000t\000h\036\361\000c\000\040\000t\000i\036\305\000n\000\040\000h\000i\036\307\000n\000\040\000n\000a\000y}{subsection.1.1}% 3
\BOOKMARK [3][-]{subsubsection.1.1.2}{\376\377\000L\036\343\000i\000\040\000\355\000c\000h\000\040\000k\000h\000i\000\040\000\341\000p\000\040\000d\036\345\000n\000g\000\040\000p\000h\036\247\000n\000\040\000m\036\301\000m\000\040\000q\000u\036\243\000n\000\040\000l\000\375}{subsection.1.1}% 4
\BOOKMARK [3][-]{subsubsection.1.1.3}{\376\377\000M\036\345\000c\000\040\000t\000i\000\352\000u\000\040\000c\036\345\000\040\000t\000h\036\303\000\040\000c\036\347\000a\000\040\001\021\036\301\000\040\000t\000\340\000i}{subsection.1.1}% 5
\BOOKMARK [2][-]{subsection.1.2}{\376\377\000G\000i\036\333\000i\000\040\000t\000h\000i\036\307\000u\000\040\000v\036\301\000\040\000K\001\051\000\040\000t\000h\000u\036\255\000t\000\040\000l\036\255\000p\000\040\000t\000r\000\354\000n\000h\000\040\000h\001\260\036\333\000n\000g\000\040\001\021\036\321\000i\000\040\000t\001\260\036\343\000n\000g\000\040\000\050\000L\000T\000H\001\020\000T\000\051}{section.1}% 6
\BOOKMARK [3][-]{subsubsection.1.2.1}{\376\377\001\020\036\313\000n\000h\000\040\000n\000g\000h\001\051\000a}{subsection.1.2}% 7
\BOOKMARK [3][-]{subsubsection.1.2.2}{\376\377\000N\000g\000u\000y\000\352\000n\000\040\000t\036\257\000c\000\040\000c\001\241\000\040\000b\036\243\000n\000\040\000c\036\347\000a\000\040\000O\000O\000P}{subsection.1.2}% 8
\BOOKMARK [3][-]{subsubsection.1.2.3}{\376\377\000L\036\343\000i\000\040\000\355\000c\000h\000\040\000k\000h\000i\000\040\000d\000\371\000n\000g\000\040\000O\000O\000P}{subsection.1.2}% 9
\BOOKMARK [2][-]{subsection.1.3}{\376\377\000T\036\247\000m\000\040\000q\000u\000a\000n\000\040\000t\000r\036\315\000n\000g\000\040\000c\036\347\000a\000\040\000L\000T\000H\001\020\000T\000\040\000t\000r\000o\000n\000g\000\040\000K\001\051\000\040\000t\000h\000u\036\255\000t\000\040\000p\000h\036\247\000n\000\040\000m\036\301\000m}{section.1}% 10
\BOOKMARK [1][-]{section.2}{\376\377\000P\000H\000\302\000N\000\040\000T\000\315\000C\000H\000\040\000V\000\300\000\040\000T\000H\000I\036\276\000T\000\040\000K\036\276\000\040\000L\036\332\000P}{}% 11
\BOOKMARK [2][-]{subsection.2.1}{\376\377\000P\000h\000\342\000n\000\040\000t\000\355\000c\000h\000\040\000b\000\340\000i\000\040\000t\000o\000\341\000n}{section.2}% 12
\BOOKMARK [2][-]{subsection.2.2}{\376\377\000T\000h\000i\036\277\000t\000\040\000k\036\277\000\040\000l\036\333\000p\000\040\000v\000\340\000\040\000S\001\241\000\040\001\021\036\323\000\040\000l\036\333\000p\000\040\000\050\000C\000l\000a\000s\000s\000\040\000d\000i\000a\000g\000r\000a\000m\000s\000\051}{section.2}% 13
\BOOKMARK [3][-]{subsubsection.2.2.1}{\376\377\000T\000h\000i\036\277\000t\000\040\000k\036\277\000\040\000l\036\333\000p}{subsection.2.2}% 14
\BOOKMARK [3][-]{subsubsection.2.2.2}{\376\377\000S\001\241\000\040\001\021\036\323\000\040\000l\036\333\000p}{subsection.2.2}% 15
\BOOKMARK [3][-]{subsubsection.2.2.3}{\376\377\000C\000\341\000c\000\040\000t\000\355\000n\000h\000\040\000c\000h\036\245\000t\000\040\000c\001\241\000\040\000b\036\243\000n\000\040\000c\036\347\000a\000\040\000L\036\255\000p\000\040\000t\000r\000\354\000n\000h\000\040\000h\001\260\036\333\000n\000g\000\040\001\021\036\321\000i\000\040\000t\001\260\036\343\000n\000g\000\040\000\050\000O\000O\000P\000\051}{subsection.2.2}% 16
\BOOKMARK [3][-]{subsubsection.2.2.4}{\376\377\000D\000e\000s\000i\000g\000n\000\040\000P\000a\000t\000t\000e\000r\000n}{subsection.2.2}% 17
\BOOKMARK [3][-]{subsubsection.2.2.5}{\376\377\000C\000\341\000c\000\040\000q\000u\000a\000n\000\040\000h\036\307\000\040\000t\000r\000o\000n\000g\000\040\000L\036\255\000p\000\040\000t\000r\000\354\000n\000h\000\040\000h\001\260\036\333\000n\000g\000\040\001\021\036\321\000i\000\040\000t\001\260\036\343\000n\000g}{subsection.2.2}% 18
\BOOKMARK [3][-]{subsubsection.2.2.6}{\376\377\000K\036\371\000\040\000t\000h\000u\036\255\000t\000\040\000S\000e\000r\000i\000a\000l\000i\000z\000a\000t\000i\000o\000n\000\040\000v\000\340\000\040\000D\000e\000s\000e\000r\000i\000a\000l\000i\000z\000a\000t\000i\000o\000n}{subsection.2.2}% 19
\BOOKMARK [1][-]{section.3}{\376\377\000X\000\302\000Y\000\040\000D\036\360\000N\000G\000\040\036\350\000N\000G\000\040\000D\036\344\000N\000G}{}% 20
\BOOKMARK [2][-]{subsection.3.1}{\376\377\000T\000h\000i\036\277\000t\000\040\000k\036\277\000\040\000g\000i\000a\000o\000\040\000d\000i\036\307\000n\000\040\000c\000h\001\260\001\241\000n\000g\000\040\000t\000r\000\354\000n\000h}{section.3}% 21
\BOOKMARK [3][-]{subsubsection.3.1.1}{\376\377\000G\000i\000a\000o\000\040\000d\000i\036\307\000n\000\040\001\021\001\003\000n\000g\000\040\000n\000h\036\255\000p\000,\000\040\001\021\001\003\000n\000g\000\040\000k\000\375}{subsection.3.1}% 22
\BOOKMARK [3][-]{subsubsection.3.1.2}{\376\377\000G\000i\000a\000o\000\040\000d\000i\036\307\000n\000\040\000t\036\325\000n\000g\000\040\000q\000u\000a\000n}{subsection.3.1}% 23
\BOOKMARK [3][-]{subsubsection.3.1.3}{\376\377\000G\000i\000a\000o\000\040\000d\000i\036\307\000n\000\040\000q\000u\036\243\000n\000\040\000l\000\375\000\040\001\021\001\241\000n\000\040\000h\000\340\000n\000g}{subsection.3.1}% 24
\BOOKMARK [3][-]{subsubsection.3.1.4}{\376\377\000G\000i\000a\000o\000\040\000d\000i\036\307\000n\000\040\000q\000u\036\243\000n\000\040\000l\000\375\000\040\000k\000h\000\341\000c\000h\000\040\000h\000\340\000n\000g}{subsection.3.1}% 25
\BOOKMARK [3][-]{subsubsection.3.1.5}{\376\377\000G\000i\000a\000o\000\040\000d\000i\036\307\000n\000\040\000q\000u\036\243\000n\000\040\000l\000\375\000\040\000n\000h\000\342\000n\000\040\000s\036\361}{subsection.3.1}% 26
\BOOKMARK [3][-]{subsubsection.3.1.6}{\376\377\000G\000i\000a\000o\000\040\000d\000i\036\307\000n\000\040\000q\000u\036\243\000n\000\040\000l\000\375\000\040\000p\000h\001\260\001\241\000n\000g\000\040\000t\000i\036\307\000n}{subsection.3.1}% 27
\BOOKMARK [3][-]{subsubsection.3.1.7}{\376\377\000G\000i\000a\000o\000\040\000d\000i\036\307\000n\000\040\000q\000u\036\243\000n\000\040\000l\000\375\000\040\000k\000h\000o\000\040\000b\000\343\000i}{subsection.3.1}% 28
\BOOKMARK [3][-]{subsubsection.3.1.8}{\376\377\000G\000i\000a\000o\000\040\000d\000i\036\307\000n\000\040\001\021\000i\036\301\000u\000\040\000p\000h\036\321\000i\000\040\000g\000i\000a\000o\000\040\000h\000\340\000n\000g}{subsection.3.1}% 29
\BOOKMARK [3][-]{subsubsection.3.1.9}{\376\377\000G\000i\000a\000o\000\040\000d\000i\036\307\000n\000\040\000q\000u\036\243\000n\000\040\000l\000\375\000\040\000c\000h\036\351\000n\000g\000\040\000t\036\353}{subsection.3.1}% 30
\BOOKMARK [3][-]{subsubsection.3.1.10}{\376\377\000G\000i\000a\000o\000\040\000d\000i\036\307\000n\000\040\000b\000\341\000o\000\040\000c\000\341\000o\000,\000\040\000t\000h\036\321\000n\000g\000\040\000k\000\352}{subsection.3.1}% 31
\BOOKMARK [2][-]{subsection.3.2}{\376\377\000P\000h\000\341\000t\000\040\000t\000r\000i\036\303\000n\000\040\000c\000\341\000c\000\040\000c\000h\036\351\000c\000\040\000n\001\003\000n\000g\000\040\000c\036\347\000a\000\040\036\351\000n\000g\000\040\000d\036\345\000n\000g}{section.3}% 32
\BOOKMARK [3][-]{subsubsection.3.2.1}{\376\377\000Q\000u\036\243\000n\000\040\000l\000\375\000\040\000t\000\340\000i\000\040\000k\000h\000o\036\243\000n\000\040\000v\000\340\000\040\000p\000h\000\342\000n\000\040\000q\000u\000y\036\301\000n}{subsection.3.2}% 33
\BOOKMARK [3][-]{subsubsection.3.2.2}{\376\377\000Q\000u\036\243\000n\000\040\000l\000\375\000\040\000k\000h\000\341\000c\000h\000\040\000h\000\340\000n\000g}{subsection.3.2}% 34
\BOOKMARK [3][-]{subsubsection.3.2.3}{\376\377\000Q\000u\036\243\000n\000\040\000l\000\375\000\040\000n\000h\000\342\000n\000\040\000s\036\361}{subsection.3.2}% 35
\BOOKMARK [3][-]{subsubsection.3.2.4}{\376\377\000Q\000u\036\243\000n\000\040\000l\000\375\000\040\000p\000h\001\260\001\241\000n\000g\000\040\000t\000i\036\307\000n}{subsection.3.2}% 36
\BOOKMARK [3][-]{subsubsection.3.2.5}{\376\377\000Q\000u\036\243\000n\000\040\000l\000\375\000\040\000k\000h\000o\000\040\000b\000\343\000i}{subsection.3.2}% 37
\BOOKMARK [3][-]{subsubsection.3.2.6}{\376\377\000Q\000u\036\243\000n\000\040\000l\000\375\000\040\001\021\001\241\000n\000\040\000h\000\340\000n\000g\000\040\000v\000\340\000\040\000k\000i\036\307\000n\000\040\000h\000\340\000n\000g}{subsection.3.2}% 38
\BOOKMARK [3][-]{subsubsection.3.2.7}{\376\377\001\020\000i\036\301\000u\000\040\000p\000h\036\321\000i\000\040\000t\000\340\000i\000\040\000x\036\277\000\040\000v\000\340\000\040\000p\000h\001\260\001\241\000n\000g\000\040\000t\000i\036\307\000n}{subsection.3.2}% 39
\BOOKMARK [3][-]{subsubsection.3.2.8}{\376\377\000Q\000u\036\243\000n\000\040\000l\000\375\000\040\000t\000h\000a\000n\000h\000\040\000t\000o\000\341\000n\000\040\000v\000\340\000\040\000h\000\363\000a\000\040\001\021\001\241\000n}{subsection.3.2}% 40
\BOOKMARK [2][-]{subsection.3.3}{\376\377\000C\000\341\000c\000\040\000k\036\313\000c\000h\000\040\000b\036\243\000n\000\040\000t\000h\036\361\000c\000\040\000t\000h\000i\000\040\036\351\000n\000g\000\040\000d\036\345\000n\000g}{section.3}% 41
\BOOKMARK [1][-]{section.4}{\376\377\000T\000H\036\242\000O\000\040\000L\000U\036\254\000N\000\040\000\046\000\040\001\020\000\301\000N\000H\000\040\000G\000I\000\301}{}% 42
\BOOKMARK [2][-]{subsection.4.1}{\376\377\000C\000\341\000c\000\040\000k\036\277\000t\000\040\000q\000u\036\243\000\040\000n\000h\036\255\000n\000\040\001\021\001\260\036\343\000c}{section.4}% 43
\BOOKMARK [2][-]{subsection.4.2}{\376\377\000M\036\331\000t\000\040\000s\036\321\000\040\000t\036\323\000n\000\040\000t\036\241\000i}{section.4}% 44
\BOOKMARK [2][-]{subsection.4.3}{\376\377\000H\001\260\036\333\000n\000g\000\040\000p\000h\000\341\000t\000\040\000t\000r\000i\036\303\000n}{section.4}% 45
\BOOKMARK [1][-]{section*.23}{\376\377\000T\000\340\000i\000\040\000l\000i\036\307\000u\000\040\000t\000h\000a\000m\000\040\000k\000h\036\243\000o}{}% 46
\BOOKMARK [1][-]{section*.25}{\376\377\000P\000h\036\345\000\040\000l\036\345\000c}{}% 47
\BOOKMARK [1][-]{section*.26}{\376\377\000P\000h\036\345\000\040\000l\036\345\000c\000\040\000h\000\354\000n\000h\000\040\036\243\000n\000h}{}% 48
\BOOKMARK [1][-]{section*.27}{\376\377\000B\036\243\000n\000g\000\040\000p\000h\000\342\000n\000\040\000c\000\364\000n\000g\000\040\000n\000h\000i\036\307\000m\000\040\000v\036\345}{}% 49
\BOOKMARK [1][-]{section*.28}{\376\377\000L\000i\000n\000k\000\040\001\021\036\323\000\040\000\341\000n}{}% 50
